# JRE version: Java(TM) SE Runtime Environment (8.0_111-b14) (build 1.8.0_111-b14)
# Java VM: Java HotSpot(TM) 64-Bit Server VM (25.111-b14 mixed mode linux-amd64 compressed oops)
Heap:
 PSYoungGen      total 54784K, used 29294K [0x0000000782e00000, 0x0000000789900000, 0x00000007c0000000)
  eden space 47104K, 62% used [0x0000000782e00000,0x0000000784a9b9b0,0x0000000785c00000)
  from space 7680K, 0% used [0x0000000786380000,0x0000000786380000,0x0000000786b00000)
  to   space 7680K, 0% used [0x0000000785c00000,0x0000000785c00000,0x0000000786380000)
 ParOldGen       total 70656K, used 9962K [0x0000000708a00000, 0x000000070cf00000, 0x0000000782e00000)
  object space 70656K, 14% used [0x0000000708a00000,0x00000007093ba900,0x000000070cf00000)
 Metaspace       used 29481K, capacity 30906K, committed 31232K, reserved 1077248K
  class space    used 3964K, capacity 4252K, committed 4352K, reserved 1048576K
GC Heap History (6 events):
Event: 5.625 GC heap before
{Heap before GC invocations=1 (full 0):
 PSYoungGen      total 54784K, used 47104K [0x0000000782e00000, 0x0000000786b00000, 0x00000007c0000000)
  eden space 47104K, 100% used [0x0000000782e00000,0x0000000785c00000,0x0000000785c00000)
  from space 7680K, 0% used [0x0000000786380000,0x0000000786380000,0x0000000786b00000)
  to   space 7680K, 0% used [0x0000000785c00000,0x0000000785c00000,0x0000000786380000)
 ParOldGen       total 125952K, used 0K [0x0000000708a00000, 0x0000000710500000, 0x0000000782e00000)
  object space 125952K, 0% used [0x0000000708a00000,0x0000000708a00000,0x0000000710500000)
 Metaspace       used 18641K, capacity 19488K, committed 19584K, reserved 1067008K
  class space    used 2645K, capacity 2859K, committed 2944K, reserved 1048576K
Event: 5.635 GC heap after
Heap after GC invocations=1 (full 0):
 PSYoungGen      total 54784K, used 7660K [0x0000000782e00000, 0x0000000786b00000, 0x00000007c0000000)
  eden space 47104K, 0% used [0x0000000782e00000,0x0000000782e00000,0x0000000785c00000)
  from space 7680K, 99% used [0x0000000785c00000,0x000000078637b260,0x0000000786380000)
  to   space 7680K, 0% used [0x0000000786380000,0x0000000786380000,0x0000000786b00000)
 ParOldGen       total 125952K, used 756K [0x0000000708a00000, 0x0000000710500000, 0x0000000782e00000)
  object space 125952K, 0% used [0x0000000708a00000,0x0000000708abd1d0,0x0000000710500000)
 Metaspace       used 18641K, capacity 19488K, committed 19584K, reserved 1067008K
  class space    used 2645K, capacity 2859K, committed 2944K, reserved 1048576K
}
Event: 5.840 GC heap before
{Heap before GC invocations=2 (full 0):
 PSYoungGen      total 54784K, used 13784K [0x0000000782e00000, 0x0000000786b00000, 0x00000007c0000000)
  eden space 47104K, 13% used [0x0000000782e00000,0x00000007833fb188,0x0000000785c00000)
  from space 7680K, 99% used [0x0000000785c00000,0x000000078637b260,0x0000000786380000)
  to   space 7680K, 0% used [0x0000000786380000,0x0000000786380000,0x0000000786b00000)
 ParOldGen       total 125952K, used 756K [0x0000000708a00000, 0x0000000710500000, 0x0000000782e00000)
  object space 125952K, 0% used [0x0000000708a00000,0x0000000708abd1d0,0x0000000710500000)
 Metaspace       used 20413K, capacity 21216K, committed 21248K, reserved 1067008K
  class space    used 2856K, capacity 3051K, committed 3072K, reserved 1048576K
Event: 5.852 GC heap after
Heap after GC invocations=2 (full 0):
 PSYoungGen      total 54784K, used 7678K [0x0000000782e00000, 0x0000000789900000, 0x00000007c0000000)
  eden space 47104K, 0% used [0x0000000782e00000,0x0000000782e00000,0x0000000785c00000)
  from space 7680K, 99% used [0x0000000786380000,0x0000000786aff828,0x0000000786b00000)
  to   space 7680K, 0% used [0x0000000785c00000,0x0000000785c00000,0x0000000786380000)
 ParOldGen       total 125952K, used 2745K [0x0000000708a00000, 0x0000000710500000, 0x0000000782e00000)
  object space 125952K, 2% used [0x0000000708a00000,0x0000000708cae7e0,0x0000000710500000)
 Metaspace       used 20413K, capacity 21216K, committed 21248K, reserved 1067008K
  class space    used 2856K, capacity 3051K, committed 3072K, reserved 1048576K
}
Event: 5.852 GC heap before
{Heap before GC invocations=3 (full 1):
 PSYoungGen      total 54784K, used 7678K [0x0000000782e00000, 0x0000000789900000, 0x00000007c0000000)
  eden space 47104K, 0% used [0x0000000782e00000,0x0000000782e00000,0x0000000785c00000)
  from space 7680K, 99% used [0x0000000786380000,0x0000000786aff828,0x0000000786b00000)
  to   space 7680K, 0% used [0x0000000785c00000,0x0000000785c00000,0x0000000786380000)
 ParOldGen       total 125952K, used 2745K [0x0000000708a00000, 0x0000000710500000, 0x0000000782e00000)
  object space 125952K, 2% used [0x0000000708a00000,0x0000000708cae7e0,0x0000000710500000)
 Metaspace       used 20413K, capacity 21216K, committed 21248K, reserved 1067008K
  class space    used 2856K, capacity 3051K, committed 3072K, reserved 1048576K
Event: 5.897 GC heap after
Heap after GC invocations=3 (full 1):
 PSYoungGen      total 54784K, used 0K [0x0000000782e00000, 0x0000000789900000, 0x00000007c0000000)
  eden space 47104K, 0% used [0x0000000782e00000,0x0000000782e00000,0x0000000785c00000)
  from space 7680K, 0% used [0x0000000786380000,0x0000000786380000,0x0000000786b00000)
  to   space 7680K, 0% used [0x0000000785c00000,0x0000000785c00000,0x0000000786380000)
 ParOldGen       total 70656K, used 9962K [0x0000000708a00000, 0x000000070cf00000, 0x0000000782e00000)
  object space 70656K, 14% used [0x0000000708a00000,0x00000007093ba900,0x000000070cf00000)
 Metaspace       used 20413K, capacity 21216K, committed 21248K, reserved 1067008K
  class space    used 2856K, capacity 3051K, committed 3072K, reserved 1048576K
}

